[2026-04-01 06:15:35.461] [jointLog] [info] setting maxHashResizeThreads to 10
[2026-04-01 06:15:35.461] [jointLog] [info] Fragment incompatibility prior below threshold.  Incompatible fragments will be ignored.
[2026-04-01 06:15:35.461] [jointLog] [info] Usage of --validateMappings implies use of minScoreFraction. Since not explicitly specified, it is being set to 0.65
[2026-04-01 06:15:35.461] [jointLog] [info] Setting consensusSlack to selective-alignment default of 0.35.
[2026-04-01 06:15:35.461] [jointLog] [info] parsing read library format
[2026-04-01 06:15:35.461] [jointLog] [info] There is 1 library.
[2026-04-01 06:15:35.465] [jointLog] [info] Loading pufferfish index
[2026-04-01 06:15:35.466] [jointLog] [info] Loading pufferfish index.
[2026-04-01 06:15:37.902] [jointLog] [info] done
[2026-04-01 06:15:37.983] [jointLog] [info] Index contained 205541 targets
[2026-04-01 06:15:38.183] [jointLog] [info] Number of decoys : 0
[2026-04-01 06:15:40.386] [jointLog] [info] Automatically detected most likely library type as IU

[2026-04-01 06:25:34.617] [jointLog] [info] Computed 363,590 rich equivalence classes for further processing
[2026-04-01 06:25:34.617] [jointLog] [info] Counted 16,509,908 total reads in the equivalence classes 
[2026-04-01 06:25:34.618] [fileLog] [info] 
At end of round 0
==================
Observed 17913465 total fragments (17913465 in most recent round)

[2026-04-01 06:25:34.675] [jointLog] [info] Number of mappings discarded because of alignment score : 12,455,888
[2026-04-01 06:25:34.675] [jointLog] [info] Number of fragments entirely discarded because of alignment score : 438,878
[2026-04-01 06:25:34.675] [jointLog] [info] Number of fragments discarded because they are best-mapped to decoys : 0
[2026-04-01 06:25:34.675] [jointLog] [info] Number of fragments discarded because they have only dovetail (discordant) mappings to valid targets : 108,114
[2026-04-01 06:25:34.675] [jointLog] [info] Mapping rate = 92.1648%
[2026-04-01 06:25:34.675] [jointLog] [info] finished quantifyLibrary()
[2026-04-01 06:25:34.690] [jointLog] [info] Starting optimizer
[2026-04-01 06:25:35.266] [jointLog] [info] Marked 0 weighted equivalence classes as degenerate
[2026-04-01 06:25:35.341] [jointLog] [info] iteration = 0 | max rel diff. = 5325.687776366488
[2026-04-01 06:25:42.208] [jointLog] [info] iteration = 100 | max rel diff. = 16.376724002588343
[2026-04-01 06:25:49.025] [jointLog] [info] iteration = 200 | max rel diff. = 9.73601691206802
[2026-04-01 06:25:55.832] [jointLog] [info] iteration = 300 | max rel diff. = 5.174168424662927
[2026-04-01 06:26:02.635] [jointLog] [info] iteration = 400 | max rel diff. = 0.6040363046090198
[2026-04-01 06:26:09.426] [jointLog] [info] iteration = 500 | max rel diff. = 0.22489191792145738
[2026-04-01 06:26:16.225] [jointLog] [info] iteration = 600 | max rel diff. = 0.32416920465088117
[2026-04-01 06:26:23.009] [jointLog] [info] iteration = 700 | max rel diff. = 7.028521173385316
[2026-04-01 06:26:29.791] [jointLog] [info] iteration = 800 | max rel diff. = 0.7770265637232203
[2026-04-01 06:26:36.572] [jointLog] [info] iteration = 900 | max rel diff. = 6.123628159050762
[2026-04-01 06:26:43.344] [jointLog] [info] iteration = 1000 | max rel diff. = 0.1312097283350357
[2026-04-01 06:26:50.114] [jointLog] [info] iteration = 1100 | max rel diff. = 0.1631704807749469
[2026-04-01 06:26:56.877] [jointLog] [info] iteration = 1200 | max rel diff. = 0.017702110969063146
[2026-04-01 06:27:03.639] [jointLog] [info] iteration = 1300 | max rel diff. = 1.2959847013892989
[2026-04-01 06:27:07.628] [jointLog] [info] iteration = 1360 | max rel diff. = 0.008705214278094177
[2026-04-01 06:27:07.671] [jointLog] [info] Finished optimizer
[2026-04-01 06:27:07.671] [jointLog] [info] writing output 

